{"level":"error","message":"Complete all fields","timestamp":"2024-09-02T16:39:41.681Z"}
{"level":"error","message":"Complete all fields","timestamp":"2024-09-02T16:39:50.475Z"}
{"level":"error","message":"The email entered is not registeredjuan@perez.com5","timestamp":"2024-09-02T18:47:17.085Z"}
{"level":"error","message":"The email juan@perez.com5 is not registered ","timestamp":"2024-09-02T18:49:54.361Z"}
{"level":"error","message":"Password is incorrect$2a$10$ov596LoeRiGPeWNhymnaCuFToTe4hsbjvSbgOmmFEs3x1BbE0xm/G 123456 5","timestamp":"2024-09-02T18:50:25.679Z"}
{"level":"error","message":"Password is incorrect","timestamp":"2024-09-02T18:50:49.192Z"}
{"level":"error","message":"Complete all fields","timestamp":"2024-09-02T18:51:08.481Z"}
{"level":"error","message":"Invalid User ID","timestamp":"2024-09-02T19:02:38.334Z"}
{"level":"error","message":"You dont have permissions to update data","timestamp":"2024-09-02T19:43:47.766Z"}
{"level":"error","message":"You dont have permissions to update data","timestamp":"2024-09-02T19:45:08.409Z"}
{"level":"error","message":"You dont have permissions to update data","timestamp":"2024-09-02T19:45:35.833Z"}
{"level":"error","message":"You do not have permissions to update this data","timestamp":"2024-09-02T19:55:46.518Z"}
{"level":"error","message":"You do not have permissions to update this data","timestamp":"2024-09-02T19:57:06.329Z"}
{"level":"error","message":"You do not have permissions to update this data","timestamp":"2024-09-02T19:58:14.217Z"}
{"level":"error","message":"You do not have permissions to update this data","timestamp":"2024-09-02T19:59:09.837Z"}
{"level":"error","message":"You do not have permissions to update this data","timestamp":"2024-09-02T19:59:48.175Z"}
{"level":"error","message":"You do not have permissions to update this data","timestamp":"2024-09-02T20:00:59.066Z"}
{"level":"error","message":"You do not have permissions to update this data","timestamp":"2024-09-02T20:01:12.977Z"}
{"level":"error","message":"You do not have permissions to update this data","timestamp":"2024-09-02T20:02:00.099Z"}
{"level":"error","message":"You do not have permissions to update this data","timestamp":"2024-09-02T20:02:14.448Z"}
{"$clusterTime":{"clusterTime":{"$timestamp":"7410139090475024396"},"signature":{"hash":"aMAY7ZQ6Cd6H6QM/ImoPnTrSlio=","keyId":{"high":1710523324,"low":10,"unsigned":false}}},"code":66,"codeName":"ImmutableField","errorResponse":{"$clusterTime":{"clusterTime":{"$timestamp":"7410139090475024396"},"signature":{"hash":"aMAY7ZQ6Cd6H6QM/ImoPnTrSlio=","keyId":{"high":1710523324,"low":10,"unsigned":false}}},"code":66,"codeName":"ImmutableField","errmsg":"Plan executor error during findAndModify :: caused by :: Performing an update on the path '_id' would modify the immutable field '_id'","ok":0,"operationTime":{"$timestamp":"7410139090475024396"}},"level":"error","ok":0,"operationTime":{"$timestamp":"7410139090475024396"},"timestamp":"2024-09-02T20:02:52.179Z"}
{"$clusterTime":{"clusterTime":{"$timestamp":"7410139339583127560"},"signature":{"hash":"dm7afN4GZt2SJymBAU0PRp6IwnQ=","keyId":{"high":1710523324,"low":10,"unsigned":false}}},"code":66,"codeName":"ImmutableField","errorResponse":{"$clusterTime":{"clusterTime":{"$timestamp":"7410139339583127560"},"signature":{"hash":"dm7afN4GZt2SJymBAU0PRp6IwnQ=","keyId":{"high":1710523324,"low":10,"unsigned":false}}},"code":66,"codeName":"ImmutableField","errmsg":"Plan executor error during findAndModify :: caused by :: Performing an update on the path '_id' would modify the immutable field '_id'","ok":0,"operationTime":{"$timestamp":"7410139339583127560"}},"level":"error","ok":0,"operationTime":{"$timestamp":"7410139339583127560"},"timestamp":"2024-09-02T20:03:49.987Z"}
{"level":"error","timestamp":"2024-09-03T16:05:16.350Z"}
{"level":"error","timestamp":"2024-09-03T16:05:21.391Z"}
{"level":"error","timestamp":"2024-09-03T19:54:55.409Z"}
{"level":"error","timestamp":"2024-09-03T19:55:00.212Z"}
{"level":"error","timestamp":"2024-09-03T19:56:19.072Z"}
{"level":"error","timestamp":"2024-09-03T19:57:15.251Z"}
{"level":"error","timestamp":"2024-09-03T19:57:52.361Z"}
{"level":"error","timestamp":"2024-09-03T19:59:01.489Z"}
{"level":"error","timestamp":"2024-09-03T20:02:40.450Z"}
{"level":"error","timestamp":"2024-09-03T20:03:23.116Z"}
{"level":"error","timestamp":"2024-09-03T20:06:16.599Z"}
{"level":"error","timestamp":"2024-09-03T20:06:40.771Z"}
{"code":66,"errorResponse":{"code":66,"errmsg":"Performing an update on the path '_id' would modify the immutable field '_id'","index":0},"index":0,"level":"error","timestamp":"2024-09-03T20:07:54.539Z"}
{"level":"error","message":"You do not have permissions to update this data","timestamp":"2024-09-03T20:16:57.114Z"}
{"level":"error","message":"You do not have permissions to update this data","timestamp":"2024-09-03T20:17:00.992Z"}
{"level":"error","message":"You do not have permissions to update this data","timestamp":"2024-09-03T20:18:13.866Z"}
{"level":"error","timestamp":"2024-09-03T20:19:51.904Z"}
{"level":"error","message":"User could not be updated","timestamp":"2024-09-03T20:23:39.835Z"}
{"level":"error","timestamp":"2024-09-03T20:49:27.288Z"}
{"level":"error","timestamp":"2024-09-03T20:54:22.462Z"}
{"level":"error","message":"Complete all fields","timestamp":"2024-09-09T14:53:39.967Z"}
{"level":"error","message":"Complete all fields","timestamp":"2024-09-09T15:03:42.656Z"}
{"level":"error","message":"Complete all fields","timestamp":"2024-09-09T15:04:02.546Z"}
{"level":"error","message":"Complete all fields","timestamp":"2024-09-09T15:05:21.877Z"}
{"level":"error","message":"Complete all fields","timestamp":"2024-09-09T15:05:44.814Z"}
{"level":"error","message":"Complete all fields","timestamp":"2024-09-09T15:09:22.934Z"}
{"level":"error","message":"Complete all fields","timestamp":"2024-09-09T15:09:56.969Z"}
{"level":"error","message":"Complete all fields","timestamp":"2024-09-09T15:13:17.032Z"}
